{"/Users/srashed/Documents/SpringBoard/node/node-assignments/express-biztime/app.js": {"path":"/Users/srashed/Documents/SpringBoard/node/node-assignments/express-biztime/app.js","statementMap":{"0":{"start":{"line":4,"column":16},"end":{"line":4,"column":34}},"1":{"start":{"line":6,"column":12},"end":{"line":6,"column":21}},"2":{"start":{"line":7,"column":21},"end":{"line":7,"column":46}},"3":{"start":{"line":9,"column":0},"end":{"line":9,"column":24}},"4":{"start":{"line":10,"column":16},"end":{"line":10,"column":45}},"5":{"start":{"line":11,"column":16},"end":{"line":11,"column":44}},"6":{"start":{"line":12,"column":18},"end":{"line":12,"column":48}},"7":{"start":{"line":14,"column":0},"end":{"line":14,"column":31}},"8":{"start":{"line":15,"column":0},"end":{"line":15,"column":29}},"9":{"start":{"line":16,"column":0},"end":{"line":16,"column":33}},"10":{"start":{"line":21,"column":0},"end":{"line":24,"column":3}},"11":{"start":{"line":22,"column":14},"end":{"line":22,"column":48}},"12":{"start":{"line":23,"column":2},"end":{"line":23,"column":19}},"13":{"start":{"line":28,"column":0},"end":{"line":37,"column":3}},"14":{"start":{"line":29,"column":15},"end":{"line":29,"column":32}},"15":{"start":{"line":31,"column":2},"end":{"line":36,"column":5}},"16":{"start":{"line":40,"column":0},"end":{"line":40,"column":21}}},"fnMap":{"0":{"name":"(anonymous_0)","decl":{"start":{"line":21,"column":8},"end":{"line":21,"column":9}},"loc":{"start":{"line":21,"column":33},"end":{"line":24,"column":1}},"line":21},"1":{"name":"(anonymous_1)","decl":{"start":{"line":28,"column":8},"end":{"line":28,"column":9}},"loc":{"start":{"line":28,"column":33},"end":{"line":37,"column":1}},"line":28}},"branchMap":{"0":{"loc":{"start":{"line":29,"column":15},"end":{"line":29,"column":32}},"type":"binary-expr","locations":[{"start":{"line":29,"column":15},"end":{"line":29,"column":25}},{"start":{"line":29,"column":29},"end":{"line":29,"column":32}}],"line":29}},"s":{"0":1,"1":1,"2":1,"3":1,"4":1,"5":1,"6":1,"7":1,"8":1,"9":1,"10":1,"11":3,"12":3,"13":1,"14":6,"15":6,"16":1},"f":{"0":3,"1":6},"b":{"0":[6,0]},"_coverageSchema":"1a1c01bbd47fc00a2c39e90264f33305004495a9","hash":"27c16a062102c2cdccb6b09cb4f92d025397d5bb"}
,"/Users/srashed/Documents/SpringBoard/node/node-assignments/express-biztime/db.js": {"path":"/Users/srashed/Documents/SpringBoard/node/node-assignments/express-biztime/db.js","statementMap":{"0":{"start":{"line":3,"column":17},"end":{"line":3,"column":30}},"1":{"start":{"line":7,"column":0},"end":{"line":11,"column":1}},"2":{"start":{"line":8,"column":4},"end":{"line":8,"column":42}},"3":{"start":{"line":10,"column":4},"end":{"line":10,"column":36}},"4":{"start":{"line":13,"column":9},"end":{"line":15,"column":2}},"5":{"start":{"line":17,"column":0},"end":{"line":17,"column":13}},"6":{"start":{"line":19,"column":0},"end":{"line":19,"column":20}}},"fnMap":{},"branchMap":{"0":{"loc":{"start":{"line":7,"column":0},"end":{"line":11,"column":1}},"type":"if","locations":[{"start":{"line":7,"column":0},"end":{"line":11,"column":1}},{"start":{"line":7,"column":0},"end":{"line":11,"column":1}}],"line":7}},"s":{"0":1,"1":1,"2":1,"3":0,"4":1,"5":1,"6":1},"f":{},"b":{"0":[1,0]},"_coverageSchema":"1a1c01bbd47fc00a2c39e90264f33305004495a9","hash":"9dd8ccd8930d455f1812a58f888cdea532efc5f6"}
,"/Users/srashed/Documents/SpringBoard/node/node-assignments/express-biztime/expressError.js": {"path":"/Users/srashed/Documents/SpringBoard/node/node-assignments/express-biztime/expressError.js","statementMap":{"0":{"start":{"line":9,"column":4},"end":{"line":9,"column":12}},"1":{"start":{"line":10,"column":4},"end":{"line":10,"column":27}},"2":{"start":{"line":11,"column":4},"end":{"line":11,"column":25}},"3":{"start":{"line":12,"column":4},"end":{"line":12,"column":30}},"4":{"start":{"line":17,"column":0},"end":{"line":17,"column":30}}},"fnMap":{"0":{"name":"(anonymous_0)","decl":{"start":{"line":8,"column":2},"end":{"line":8,"column":3}},"loc":{"start":{"line":8,"column":31},"end":{"line":13,"column":3}},"line":8}},"branchMap":{},"s":{"0":6,"1":6,"2":6,"3":6,"4":1},"f":{"0":6},"b":{},"_coverageSchema":"1a1c01bbd47fc00a2c39e90264f33305004495a9","hash":"f13ceb301f4224f8adf921bc7ed28ebf57946c70"}
,"/Users/srashed/Documents/SpringBoard/node/node-assignments/express-biztime/routes/companies.js": {"path":"/Users/srashed/Documents/SpringBoard/node/node-assignments/express-biztime/routes/companies.js","statementMap":{"0":{"start":{"line":1,"column":16},"end":{"line":1,"column":34}},"1":{"start":{"line":2,"column":15},"end":{"line":2,"column":31}},"2":{"start":{"line":3,"column":11},"end":{"line":3,"column":27}},"3":{"start":{"line":4,"column":21},"end":{"line":4,"column":47}},"4":{"start":{"line":6,"column":0},"end":{"line":14,"column":3}},"5":{"start":{"line":7,"column":4},"end":{"line":13,"column":5}},"6":{"start":{"line":8,"column":24},"end":{"line":8,"column":65}},"7":{"start":{"line":9,"column":8},"end":{"line":9,"column":51}},"8":{"start":{"line":12,"column":8},"end":{"line":12,"column":22}},"9":{"start":{"line":16,"column":0},"end":{"line":38,"column":3}},"10":{"start":{"line":17,"column":4},"end":{"line":37,"column":5}},"11":{"start":{"line":18,"column":23},"end":{"line":18,"column":33}},"12":{"start":{"line":19,"column":24},"end":{"line":19,"column":87}},"13":{"start":{"line":20,"column":8},"end":{"line":22,"column":9}},"14":{"start":{"line":21,"column":12},"end":{"line":21,"column":78}},"15":{"start":{"line":23,"column":27},"end":{"line":23,"column":94}},"16":{"start":{"line":24,"column":28},"end":{"line":29,"column":45}},"17":{"start":{"line":30,"column":24},"end":{"line":30,"column":39}},"18":{"start":{"line":31,"column":8},"end":{"line":31,"column":43}},"19":{"start":{"line":32,"column":8},"end":{"line":32,"column":62}},"20":{"start":{"line":32,"column":55},"end":{"line":32,"column":61}},"21":{"start":{"line":33,"column":8},"end":{"line":33,"column":35}},"22":{"start":{"line":36,"column":8},"end":{"line":36,"column":22}},"23":{"start":{"line":40,"column":0},"end":{"line":49,"column":3}},"24":{"start":{"line":41,"column":4},"end":{"line":48,"column":5}},"25":{"start":{"line":42,"column":42},"end":{"line":42,"column":50}},"26":{"start":{"line":43,"column":24},"end":{"line":43,"column":148}},"27":{"start":{"line":44,"column":8},"end":{"line":44,"column":64}},"28":{"start":{"line":47,"column":8},"end":{"line":47,"column":22}},"29":{"start":{"line":51,"column":0},"end":{"line":64,"column":3}},"30":{"start":{"line":52,"column":4},"end":{"line":63,"column":5}},"31":{"start":{"line":53,"column":23},"end":{"line":53,"column":33}},"32":{"start":{"line":54,"column":36},"end":{"line":54,"column":44}},"33":{"start":{"line":55,"column":24},"end":{"line":55,"column":139}},"34":{"start":{"line":56,"column":8},"end":{"line":58,"column":9}},"35":{"start":{"line":57,"column":12},"end":{"line":57,"column":78}},"36":{"start":{"line":59,"column":8},"end":{"line":59,"column":52}},"37":{"start":{"line":62,"column":8},"end":{"line":62,"column":22}},"38":{"start":{"line":66,"column":0},"end":{"line":78,"column":3}},"39":{"start":{"line":67,"column":4},"end":{"line":77,"column":5}},"40":{"start":{"line":68,"column":23},"end":{"line":68,"column":33}},"41":{"start":{"line":69,"column":24},"end":{"line":69,"column":97}},"42":{"start":{"line":70,"column":8},"end":{"line":72,"column":9}},"43":{"start":{"line":71,"column":12},"end":{"line":71,"column":78}},"44":{"start":{"line":73,"column":8},"end":{"line":73,"column":45}},"45":{"start":{"line":76,"column":8},"end":{"line":76,"column":22}},"46":{"start":{"line":81,"column":0},"end":{"line":81,"column":24}}},"fnMap":{"0":{"name":"(anonymous_0)","decl":{"start":{"line":6,"column":16},"end":{"line":6,"column":17}},"loc":{"start":{"line":6,"column":41},"end":{"line":14,"column":1}},"line":6},"1":{"name":"(anonymous_1)","decl":{"start":{"line":16,"column":21},"end":{"line":16,"column":22}},"loc":{"start":{"line":16,"column":46},"end":{"line":38,"column":1}},"line":16},"2":{"name":"(anonymous_2)","decl":{"start":{"line":32,"column":50},"end":{"line":32,"column":51}},"loc":{"start":{"line":32,"column":55},"end":{"line":32,"column":61}},"line":32},"3":{"name":"(anonymous_3)","decl":{"start":{"line":40,"column":17},"end":{"line":40,"column":18}},"loc":{"start":{"line":40,"column":42},"end":{"line":49,"column":1}},"line":40},"4":{"name":"(anonymous_4)","decl":{"start":{"line":51,"column":21},"end":{"line":51,"column":22}},"loc":{"start":{"line":51,"column":46},"end":{"line":64,"column":1}},"line":51},"5":{"name":"(anonymous_5)","decl":{"start":{"line":66,"column":24},"end":{"line":66,"column":25}},"loc":{"start":{"line":66,"column":49},"end":{"line":78,"column":1}},"line":66}},"branchMap":{"0":{"loc":{"start":{"line":20,"column":8},"end":{"line":22,"column":9}},"type":"if","locations":[{"start":{"line":20,"column":8},"end":{"line":22,"column":9}},{"start":{"line":20,"column":8},"end":{"line":22,"column":9}}],"line":20},"1":{"loc":{"start":{"line":56,"column":8},"end":{"line":58,"column":9}},"type":"if","locations":[{"start":{"line":56,"column":8},"end":{"line":58,"column":9}},{"start":{"line":56,"column":8},"end":{"line":58,"column":9}}],"line":56},"2":{"loc":{"start":{"line":70,"column":8},"end":{"line":72,"column":9}},"type":"if","locations":[{"start":{"line":70,"column":8},"end":{"line":72,"column":9}},{"start":{"line":70,"column":8},"end":{"line":72,"column":9}}],"line":70}},"s":{"0":1,"1":1,"2":1,"3":1,"4":1,"5":1,"6":1,"7":1,"8":0,"9":1,"10":2,"11":2,"12":2,"13":2,"14":1,"15":1,"16":1,"17":1,"18":1,"19":1,"20":0,"21":1,"22":1,"23":1,"24":1,"25":1,"26":1,"27":1,"28":0,"29":1,"30":1,"31":1,"32":1,"33":1,"34":1,"35":0,"36":1,"37":0,"38":1,"39":1,"40":1,"41":1,"42":1,"43":0,"44":1,"45":0,"46":1},"f":{"0":1,"1":2,"2":0,"3":1,"4":1,"5":1},"b":{"0":[1,1],"1":[0,1],"2":[0,1]},"_coverageSchema":"1a1c01bbd47fc00a2c39e90264f33305004495a9","hash":"42679dfa03efc3ae3849af0523e80ab8d3c5e422"}
,"/Users/srashed/Documents/SpringBoard/node/node-assignments/express-biztime/routes/industries.js": {"path":"/Users/srashed/Documents/SpringBoard/node/node-assignments/express-biztime/routes/industries.js","statementMap":{"0":{"start":{"line":1,"column":16},"end":{"line":1,"column":34}},"1":{"start":{"line":2,"column":15},"end":{"line":2,"column":31}},"2":{"start":{"line":3,"column":11},"end":{"line":3,"column":27}},"3":{"start":{"line":4,"column":21},"end":{"line":4,"column":47}},"4":{"start":{"line":6,"column":0},"end":{"line":20,"column":3}},"5":{"start":{"line":7,"column":4},"end":{"line":19,"column":5}},"6":{"start":{"line":8,"column":24},"end":{"line":8,"column":66}},"7":{"start":{"line":9,"column":27},"end":{"line":13,"column":11}},"8":{"start":{"line":10,"column":24},"end":{"line":10,"column":115}},"9":{"start":{"line":11,"column":12},"end":{"line":11,"column":56}},"10":{"start":{"line":11,"column":44},"end":{"line":11,"column":55}},"11":{"start":{"line":12,"column":12},"end":{"line":12,"column":20}},"12":{"start":{"line":15,"column":8},"end":{"line":15,"column":38}},"13":{"start":{"line":18,"column":8},"end":{"line":18,"column":22}},"14":{"start":{"line":22,"column":0},"end":{"line":31,"column":3}},"15":{"start":{"line":23,"column":4},"end":{"line":30,"column":5}},"16":{"start":{"line":24,"column":29},"end":{"line":24,"column":37}},"17":{"start":{"line":25,"column":24},"end":{"line":25,"column":119}},"18":{"start":{"line":26,"column":8},"end":{"line":26,"column":65}},"19":{"start":{"line":29,"column":8},"end":{"line":29,"column":22}},"20":{"start":{"line":33,"column":0},"end":{"line":45,"column":3}},"21":{"start":{"line":34,"column":4},"end":{"line":44,"column":5}},"22":{"start":{"line":35,"column":23},"end":{"line":35,"column":33}},"23":{"start":{"line":36,"column":8},"end":{"line":36,"column":25}},"24":{"start":{"line":37,"column":28},"end":{"line":37,"column":36}},"25":{"start":{"line":38,"column":8},"end":{"line":38,"column":30}},"26":{"start":{"line":39,"column":24},"end":{"line":39,"column":144}},"27":{"start":{"line":40,"column":8},"end":{"line":40,"column":73}},"28":{"start":{"line":43,"column":8},"end":{"line":43,"column":22}},"29":{"start":{"line":48,"column":0},"end":{"line":48,"column":24}}},"fnMap":{"0":{"name":"(anonymous_0)","decl":{"start":{"line":6,"column":16},"end":{"line":6,"column":17}},"loc":{"start":{"line":6,"column":41},"end":{"line":20,"column":1}},"line":6},"1":{"name":"(anonymous_1)","decl":{"start":{"line":9,"column":62},"end":{"line":9,"column":63}},"loc":{"start":{"line":9,"column":73},"end":{"line":13,"column":9}},"line":9},"2":{"name":"(anonymous_2)","decl":{"start":{"line":11,"column":39},"end":{"line":11,"column":40}},"loc":{"start":{"line":11,"column":44},"end":{"line":11,"column":55}},"line":11},"3":{"name":"(anonymous_3)","decl":{"start":{"line":22,"column":17},"end":{"line":22,"column":18}},"loc":{"start":{"line":22,"column":42},"end":{"line":31,"column":1}},"line":22},"4":{"name":"(anonymous_4)","decl":{"start":{"line":33,"column":22},"end":{"line":33,"column":23}},"loc":{"start":{"line":33,"column":47},"end":{"line":45,"column":1}},"line":33}},"branchMap":{},"s":{"0":1,"1":1,"2":1,"3":1,"4":1,"5":0,"6":0,"7":0,"8":0,"9":0,"10":0,"11":0,"12":0,"13":0,"14":1,"15":0,"16":0,"17":0,"18":0,"19":0,"20":1,"21":0,"22":0,"23":0,"24":0,"25":0,"26":0,"27":0,"28":0,"29":1},"f":{"0":0,"1":0,"2":0,"3":0,"4":0},"b":{},"_coverageSchema":"1a1c01bbd47fc00a2c39e90264f33305004495a9","hash":"dd54c2518418e55442c5028b9d7cae0e6cdae758"}
,"/Users/srashed/Documents/SpringBoard/node/node-assignments/express-biztime/routes/invoices.js": {"path":"/Users/srashed/Documents/SpringBoard/node/node-assignments/express-biztime/routes/invoices.js","statementMap":{"0":{"start":{"line":1,"column":16},"end":{"line":1,"column":34}},"1":{"start":{"line":2,"column":15},"end":{"line":2,"column":31}},"2":{"start":{"line":3,"column":11},"end":{"line":3,"column":27}},"3":{"start":{"line":4,"column":21},"end":{"line":4,"column":47}},"4":{"start":{"line":6,"column":0},"end":{"line":14,"column":3}},"5":{"start":{"line":7,"column":4},"end":{"line":13,"column":5}},"6":{"start":{"line":8,"column":24},"end":{"line":8,"column":64}},"7":{"start":{"line":9,"column":8},"end":{"line":9,"column":50}},"8":{"start":{"line":12,"column":8},"end":{"line":12,"column":22}},"9":{"start":{"line":16,"column":0},"end":{"line":33,"column":3}},"10":{"start":{"line":17,"column":4},"end":{"line":32,"column":5}},"11":{"start":{"line":18,"column":21},"end":{"line":18,"column":31}},"12":{"start":{"line":19,"column":24},"end":{"line":19,"column":82}},"13":{"start":{"line":20,"column":8},"end":{"line":22,"column":9}},"14":{"start":{"line":21,"column":12},"end":{"line":21,"column":74}},"15":{"start":{"line":23,"column":28},"end":{"line":23,"column":43}},"16":{"start":{"line":24,"column":27},"end":{"line":24,"column":95}},"17":{"start":{"line":25,"column":24},"end":{"line":25,"column":39}},"18":{"start":{"line":26,"column":8},"end":{"line":26,"column":45}},"19":{"start":{"line":28,"column":8},"end":{"line":28,"column":35}},"20":{"start":{"line":31,"column":8},"end":{"line":31,"column":22}},"21":{"start":{"line":35,"column":0},"end":{"line":44,"column":3}},"22":{"start":{"line":36,"column":4},"end":{"line":43,"column":5}},"23":{"start":{"line":37,"column":33},"end":{"line":37,"column":41}},"24":{"start":{"line":38,"column":24},"end":{"line":38,"column":125}},"25":{"start":{"line":39,"column":8},"end":{"line":39,"column":64}},"26":{"start":{"line":42,"column":8},"end":{"line":42,"column":22}},"27":{"start":{"line":46,"column":0},"end":{"line":71,"column":3}},"28":{"start":{"line":47,"column":4},"end":{"line":70,"column":5}},"29":{"start":{"line":48,"column":21},"end":{"line":48,"column":31}},"30":{"start":{"line":49,"column":28},"end":{"line":49,"column":36}},"31":{"start":{"line":51,"column":24},"end":{"line":51,"column":91}},"32":{"start":{"line":52,"column":8},"end":{"line":54,"column":9}},"33":{"start":{"line":53,"column":12},"end":{"line":53,"column":74}},"34":{"start":{"line":55,"column":42},"end":{"line":55,"column":54}},"35":{"start":{"line":56,"column":8},"end":{"line":62,"column":9}},"36":{"start":{"line":57,"column":12},"end":{"line":57,"column":35}},"37":{"start":{"line":58,"column":15},"end":{"line":62,"column":9}},"38":{"start":{"line":59,"column":12},"end":{"line":59,"column":29}},"39":{"start":{"line":61,"column":12},"end":{"line":61,"column":36}},"40":{"start":{"line":64,"column":24},"end":{"line":64,"column":143}},"41":{"start":{"line":66,"column":8},"end":{"line":66,"column":52}},"42":{"start":{"line":69,"column":8},"end":{"line":69,"column":22}},"43":{"start":{"line":73,"column":0},"end":{"line":85,"column":3}},"44":{"start":{"line":74,"column":4},"end":{"line":84,"column":5}},"45":{"start":{"line":75,"column":21},"end":{"line":75,"column":31}},"46":{"start":{"line":76,"column":24},"end":{"line":76,"column":92}},"47":{"start":{"line":77,"column":8},"end":{"line":79,"column":9}},"48":{"start":{"line":78,"column":12},"end":{"line":78,"column":71}},"49":{"start":{"line":80,"column":8},"end":{"line":80,"column":45}},"50":{"start":{"line":83,"column":8},"end":{"line":83,"column":22}},"51":{"start":{"line":88,"column":0},"end":{"line":88,"column":24}}},"fnMap":{"0":{"name":"(anonymous_0)","decl":{"start":{"line":6,"column":16},"end":{"line":6,"column":17}},"loc":{"start":{"line":6,"column":41},"end":{"line":14,"column":1}},"line":6},"1":{"name":"(anonymous_1)","decl":{"start":{"line":16,"column":19},"end":{"line":16,"column":20}},"loc":{"start":{"line":16,"column":44},"end":{"line":33,"column":1}},"line":16},"2":{"name":"(anonymous_2)","decl":{"start":{"line":35,"column":17},"end":{"line":35,"column":18}},"loc":{"start":{"line":35,"column":42},"end":{"line":44,"column":1}},"line":35},"3":{"name":"(anonymous_3)","decl":{"start":{"line":46,"column":19},"end":{"line":46,"column":20}},"loc":{"start":{"line":46,"column":44},"end":{"line":71,"column":1}},"line":46},"4":{"name":"(anonymous_4)","decl":{"start":{"line":73,"column":22},"end":{"line":73,"column":23}},"loc":{"start":{"line":73,"column":47},"end":{"line":85,"column":1}},"line":73}},"branchMap":{"0":{"loc":{"start":{"line":20,"column":8},"end":{"line":22,"column":9}},"type":"if","locations":[{"start":{"line":20,"column":8},"end":{"line":22,"column":9}},{"start":{"line":20,"column":8},"end":{"line":22,"column":9}}],"line":20},"1":{"loc":{"start":{"line":52,"column":8},"end":{"line":54,"column":9}},"type":"if","locations":[{"start":{"line":52,"column":8},"end":{"line":54,"column":9}},{"start":{"line":52,"column":8},"end":{"line":54,"column":9}}],"line":52},"2":{"loc":{"start":{"line":56,"column":8},"end":{"line":62,"column":9}},"type":"if","locations":[{"start":{"line":56,"column":8},"end":{"line":62,"column":9}},{"start":{"line":56,"column":8},"end":{"line":62,"column":9}}],"line":56},"3":{"loc":{"start":{"line":56,"column":11},"end":{"line":56,"column":32}},"type":"binary-expr","locations":[{"start":{"line":56,"column":11},"end":{"line":56,"column":24}},{"start":{"line":56,"column":28},"end":{"line":56,"column":32}}],"line":56},"4":{"loc":{"start":{"line":58,"column":15},"end":{"line":62,"column":9}},"type":"if","locations":[{"start":{"line":58,"column":15},"end":{"line":62,"column":9}},{"start":{"line":58,"column":15},"end":{"line":62,"column":9}}],"line":58},"5":{"loc":{"start":{"line":77,"column":8},"end":{"line":79,"column":9}},"type":"if","locations":[{"start":{"line":77,"column":8},"end":{"line":79,"column":9}},{"start":{"line":77,"column":8},"end":{"line":79,"column":9}}],"line":77}},"s":{"0":1,"1":1,"2":1,"3":1,"4":1,"5":1,"6":1,"7":1,"8":0,"9":1,"10":2,"11":2,"12":2,"13":2,"14":1,"15":1,"16":1,"17":1,"18":1,"19":1,"20":1,"21":1,"22":1,"23":1,"24":1,"25":1,"26":0,"27":1,"28":1,"29":1,"30":1,"31":1,"32":1,"33":0,"34":1,"35":1,"36":1,"37":0,"38":0,"39":0,"40":1,"41":1,"42":0,"43":1,"44":2,"45":2,"46":2,"47":2,"48":1,"49":1,"50":1,"51":1},"f":{"0":1,"1":2,"2":1,"3":1,"4":2},"b":{"0":[1,1],"1":[0,1],"2":[1,0],"3":[1,1],"4":[0,0],"5":[1,1]},"_coverageSchema":"1a1c01bbd47fc00a2c39e90264f33305004495a9","hash":"a2cf1d68cf612f77d76e77bf6e73fca8ab8cf60e"}
}
